<?xml version="1.0" encoding="UTF-8"?>
<!-- Generated by org.testng.reporters.JUnitXMLReporter -->
<testsuite ignored="1" hostname="DESKTOP-F4STIUA" failures="0" tests="2" name="Test" time="41.574" errors="0" timestamp="2025-06-12T22:48:09 IST">
  <testcase classname="testCases.TC001_AccountRegistrationTest" name="verify_account_registration" time="5.252"/>
  <testcase classname="testCases.TC002_LoginTest" name="verify_login" time="3.557"/>
  <testcase classname="testCases.TC003_LoginDDT" name="verify_loginDDT" time="0.0">
    <ignored/>
  </testcase> <!-- verify_loginDDT -->
</testsuite> <!-- Test -->
